<?xml version="1.0" encoding="UTF-8"?>
<!-- Generated by org.testng.reporters.JUnitXMLReporter -->
<testsuite hostname="LAPTOP-0QJFP7EQ" ignored="0" name="Testrunner-1" tests="2" failures="0" timestamp="23 Jan 2022 18:19:57 GMT" time="54.395" errors="0">
  <testcase name="createOrgnTest" time="17.211" classname="com.vtiger.comcast.organizationtest.CreateOrgnTest"/>
  <testcase name="createOrgnWithIndustriesTest" time="16.9" classname="com.vtiger.comcast.organizationtest.CreateOrgnTest"/>
</testsuite> <!-- Testrunner-1 -->
