<?xml version="1.0" encoding="UTF-8"?>
<!-- Generated by org.testng.reporters.JUnitXMLReporter -->
<testsuite hostname="LAPTOP-0QJFP7EQ" ignored="0" name="Testrunner-2" tests="2" failures="0" timestamp="23 Jan 2022 18:20:10 GMT" time="68.136" errors="0">
  <testcase name="createcontactTest" time="16.42" classname="com.vtiger.comcast.contactTest.CreateContactTest"/>
  <testcase name="createcontactTestWithOrgTest" time="32.257" classname="com.vtiger.comcast.contactTest.CreateContactTest"/>
</testsuite> <!-- Testrunner-2 -->
