<?xml version="1.0" encoding="UTF-8"?>
<!-- Generated by org.testng.reporters.JUnitXMLReporter -->
<testsuite hostname="LAPTOP-0QJFP7EQ" ignored="4" name="Full Regression Test" tests="2" failures="0" timestamp="23 Jan 2022 18:35:29 GMT" time="69.557" errors="0">
  <testcase name="createOrgnWithIndustriesTest" time="18.122" classname="com.vtiger.comcast.organizationtest.CreateOrgnTest"/>
  <testcase name="createcontactTestWithOrgTest" time="31.057" classname="com.vtiger.comcast.contactTest.CreateContactTest"/>
  <testcase name="@BeforeSuite configBS" time="0.0" classname="com.vtiger.comcast.genericUtility.BaseClass">
    <ignored/>
  </testcase> <!-- @BeforeSuite configBS -->
  <testcase name="@AfterSuite configAS" time="0.0" classname="com.vtiger.comcast.genericUtility.BaseClass">
    <ignored/>
  </testcase> <!-- @AfterSuite configAS -->
  <testcase name="createOrgnTest" time="0.0" classname="com.vtiger.comcast.organizationtest.CreateOrgnTest">
    <ignored/>
  </testcase> <!-- createOrgnTest -->
  <testcase name="createcontactTest" time="0.0" classname="com.vtiger.comcast.contactTest.CreateContactTest">
    <ignored/>
  </testcase> <!-- createcontactTest -->
</testsuite> <!-- Full Regression Test -->
