<?xml version="1.0" encoding="UTF-8"?>
<!-- Generated by org.testng.reporters.JUnitXMLReporter -->
<testsuite hostname="LAPTOP-0QJFP7EQ" ignored="2" name="Test" tests="4" failures="0" timestamp="23 Jan 2022 17:44:46 GMT" time="55.645" errors="0">
  <testcase name="createOrgnTest" time="7.355" classname="com.vtiger.comcast.organizationtest.CreateOrgnTest"/>
  <testcase name="createOrgnWithIndustriesTest" time="7.384" classname="com.vtiger.comcast.organizationtest.CreateOrgnTest"/>
  <testcase name="createcontactTest" time="7.03" classname="com.vtiger.comcast.contactTest.CreateContactTest"/>
  <testcase name="createcontactTestWithOrgTest" time="13.535" classname="com.vtiger.comcast.contactTest.CreateContactTest"/>
  <testcase name="@BeforeSuite configBS" time="0.0" classname="com.vtiger.comcast.genericUtility.BaseClass">
    <ignored/>
  </testcase> <!-- @BeforeSuite configBS -->
  <testcase name="@AfterSuite configAS" time="0.0" classname="com.vtiger.comcast.genericUtility.BaseClass">
    <ignored/>
  </testcase> <!-- @AfterSuite configAS -->
</testsuite> <!-- Test -->
