<?xml version="1.0" encoding="UTF-8"?>
<!-- Generated by org.testng.reporters.JUnitXMLReporter -->
<testsuite hostname="LAPTOP-0QJFP7EQ" ignored="4" name="Test" tests="2" failures="0" timestamp="23 Jan 2022 17:51:08 GMT" time="58.664" errors="0">
  <testcase name="createOrgnWithIndustriesTest" time="15.929" classname="com.vtiger.comcast.organizationtest.CreateOrgnTest"/>
  <testcase name="createcontactTest" time="14.883" classname="com.vtiger.comcast.contactTest.CreateContactTest"/>
  <testcase name="@BeforeSuite configBS" time="0.0" classname="com.vtiger.comcast.genericUtility.BaseClass">
    <ignored/>
  </testcase> <!-- @BeforeSuite configBS -->
  <testcase name="createcontactTestWithOrgTest" time="0.0" classname="com.vtiger.comcast.contactTest.CreateContactTest">
    <ignored/>
  </testcase> <!-- createcontactTestWithOrgTest -->
  <testcase name="@AfterSuite configAS" time="0.0" classname="com.vtiger.comcast.genericUtility.BaseClass">
    <ignored/>
  </testcase> <!-- @AfterSuite configAS -->
  <testcase name="createOrgnTest" time="0.0" classname="com.vtiger.comcast.organizationtest.CreateOrgnTest">
    <ignored/>
  </testcase> <!-- createOrgnTest -->
</testsuite> <!-- Test -->
